<?xml version="1.0" encoding="UTF-8"?>
<testsuite xmlns:xsi="http://www.w3.org/2001/XMLSchema-instance" xsi:noNamespaceSchemaLocation="https://maven.apache.org/surefire/maven-surefire-plugin/xsd/surefire-test-report-3.0.xsd" version="3.0" name="tn.esprit.tpfoyer17.ChambreServiceTest" time="19.058" tests="7" errors="0" skipped="0" failures="0">
  <properties>
[...]
</properties>
  <testcase name="testRetrieveAllChambres" classname="tn.esprit.tpfoyer17.ChambreServiceTest" time="1.326">
    <system-out><![CDATA[22:49:34.091 [main] INFO org.springframework.test.context.support.AnnotationConfigContextLoaderUtils -- Could not detect default configuration classes for test class [tn.esprit.tpfoyer17.ChambreServiceTest]: ChambreServiceTest does not declare any static, non-private, non-final, nested classes annotated with @Configuration.
22:49:34.294 [main] INFO org.springframework.boot.test.context.SpringBootTestContextBootstrapper -- Found @SpringBootConfiguration tn.esprit.tpfoyer17.TpFoyer17Application for test class tn.esprit.tpfoyer17.ChambreServiceTest

  .   ____          _            __ _ _
 /\\ / ___'_ __ _ _(_)_ __  __ _ \ \ \ \
( ( )\___ | '_ | '_| | '_ \/ _` | \ \ \ \
 \\/  ___)| |_)| | | | | || (_| |  ) ) ) )
  '  |____| .__|_| |_|_| |_\__, | / / / /
 =========|_|==============|___/=/_/_/_/
 :: Spring Boot ::                (v3.1.3)

2024-11-14T22:49:35.176Z  INFO 2992 --- [           main] tn.esprit.tpfoyer17.ChambreServiceTest   : Starting ChambreServiceTest using Java 17.0.8 with PID 2992 (started by MSI in C:\Users\MSI\OneDrive\Bureau\devops pi\devops2024-main)
2024-11-14T22:49:35.178Z  INFO 2992 --- [           main] tn.esprit.tpfoyer17.ChambreServiceTest   : No active profile set, falling back to 1 default profile: "default"
2024-11-14T22:49:36.431Z  INFO 2992 --- [           main] .s.d.r.c.RepositoryConfigurationDelegate : Bootstrapping Spring Data JPA repositories in DEFAULT mode.
2024-11-14T22:49:36.546Z  INFO 2992 --- [           main] .s.d.r.c.RepositoryConfigurationDelegate : Finished Spring Data repository scanning in 97 ms. Found 6 JPA repository interfaces.
2024-11-14T22:49:37.282Z  INFO 2992 --- [           main] o.hibernate.jpa.internal.util.LogHelper  : HHH000204: Processing PersistenceUnitInfo [name: default]
2024-11-14T22:49:37.440Z  INFO 2992 --- [           main] org.hibernate.Version                    : HHH000412: Hibernate ORM core version 6.2.7.Final
2024-11-14T22:49:37.445Z  INFO 2992 --- [           main] org.hibernate.cfg.Environment            : HHH000406: Using bytecode reflection optimizer
2024-11-14T22:49:37.829Z  INFO 2992 --- [           main] o.h.b.i.BytecodeProviderInitiator        : HHH000021: Bytecode provider name : bytebuddy
2024-11-14T22:49:38.179Z  INFO 2992 --- [           main] o.s.o.j.p.SpringPersistenceUnitInfo      : No LoadTimeWeaver setup: ignoring JPA class transformer
2024-11-14T22:49:38.217Z  INFO 2992 --- [           main] com.zaxxer.hikari.HikariDataSource       : HikariPool-1 - Starting...
2024-11-14T22:49:38.679Z  INFO 2992 --- [           main] com.zaxxer.hikari.pool.HikariPool        : HikariPool-1 - Added connection com.mysql.cj.jdbc.ConnectionImpl@62ee7e50
2024-11-14T22:49:38.684Z  INFO 2992 --- [           main] com.zaxxer.hikari.HikariDataSource       : HikariPool-1 - Start completed.
2024-11-14T22:49:38.777Z  WARN 2992 --- [           main] org.hibernate.dialect.Dialect            : HHH000511: The 5.5.0 version for [org.hibernate.dialect.MySQLDialect] is no longer supported, hence certain features may not work properly. The minimum supported version is 5.7.0. Check the community dialects project for available legacy versions.
2024-11-14T22:49:39.333Z  INFO 2992 --- [           main] o.h.b.i.BytecodeProviderInitiator        : HHH000021: Bytecode provider name : bytebuddy
2024-11-14T22:49:40.705Z  INFO 2992 --- [           main] o.h.e.t.j.p.i.JtaPlatformInitiator       : HHH000490: Using JtaPlatform implementation: [org.hibernate.engine.transaction.jta.platform.internal.NoJtaPlatform]
Hibernate: alter table chambre modify column type_chambre  enum ('DOUBLE','SIMPLE','TRIPLE')
Hibernate: alter table etudiant modify column date_naissance  datetime(6)
2024-11-14T22:49:40.878Z  INFO 2992 --- [           main] j.LocalContainerEntityManagerFactoryBean : Initialized JPA EntityManagerFactory for persistence unit 'default'
2024-11-14T22:49:44.335Z  INFO 2992 --- [           main] o.s.d.j.r.query.QueryEnhancerFactory     : Hibernate is in classpath; If applicable, HQL parser will be used.
2024-11-14T22:49:47.246Z  INFO 2992 --- [           main] tn.esprit.tpfoyer17.ChambreServiceTest   : Started ChambreServiceTest in 12.573 seconds (process running for 22.194)
Hibernate: insert into chambre (bloc_id_bloc,numero_chambre,type_chambre) values (?,?,?)
Hibernate: insert into chambre (bloc_id_bloc,numero_chambre,type_chambre) values (?,?,?)
Hibernate: select c1_0.id_chambre,c1_0.bloc_id_bloc,c1_0.numero_chambre,c1_0.type_chambre from chambre c1_0
Hibernate: select c1_0.id_chambre,b1_0.id_bloc,b1_0.capacite_bloc,f1_0.id_foyer,f1_0.capacite_foyer,f1_0.nom_foyer,b1_0.nom_bloc,c1_0.numero_chambre,c1_0.type_chambre from chambre c1_0 left join bloc b1_0 on b1_0.id_bloc=c1_0.bloc_id_bloc left join foyer f1_0 on f1_0.id_foyer=b1_0.foyer_id_foyer where c1_0.id_chambre=?
Hibernate: select c1_0.id_chambre,b1_0.id_bloc,b1_0.capacite_bloc,f1_0.id_foyer,f1_0.capacite_foyer,f1_0.nom_foyer,b1_0.nom_bloc,c1_0.numero_chambre,c1_0.type_chambre from chambre c1_0 left join bloc b1_0 on b1_0.id_bloc=c1_0.bloc_id_bloc left join foyer f1_0 on f1_0.id_foyer=b1_0.foyer_id_foyer where c1_0.id_chambre=?
Hibernate: delete from chambre_reservations where chambre_id_chambre=?
Hibernate: delete from chambre_reservations where chambre_id_chambre=?
Hibernate: delete from chambre where id_chambre=?
Hibernate: delete from chambre where id_chambre=?
]]></system-out>
  </testcase>
  <testcase name="testAddChambre" classname="tn.esprit.tpfoyer17.ChambreServiceTest" time="0.02">
    <system-out><![CDATA[Hibernate: insert into chambre (bloc_id_bloc,numero_chambre,type_chambre) values (?,?,?)
Hibernate: select c1_0.id_chambre,b1_0.id_bloc,b1_0.capacite_bloc,f1_0.id_foyer,f1_0.capacite_foyer,f1_0.nom_foyer,b1_0.nom_bloc,c1_0.numero_chambre,c1_0.type_chambre from chambre c1_0 left join bloc b1_0 on b1_0.id_bloc=c1_0.bloc_id_bloc left join foyer f1_0 on f1_0.id_foyer=b1_0.foyer_id_foyer where c1_0.id_chambre=?
Hibernate: delete from chambre_reservations where chambre_id_chambre=?
Hibernate: delete from chambre where id_chambre=?
]]></system-out>
  </testcase>
  <testcase name="testUpdateChambre" classname="tn.esprit.tpfoyer17.ChambreServiceTest" time="0.029">
    <system-out><![CDATA[Hibernate: insert into chambre (bloc_id_bloc,numero_chambre,type_chambre) values (?,?,?)
Hibernate: select c1_0.id_chambre,b1_0.id_bloc,b1_0.capacite_bloc,f1_0.id_foyer,f1_0.capacite_foyer,f1_0.nom_foyer,b1_0.nom_bloc,c1_0.numero_chambre,c1_0.type_chambre from chambre c1_0 left join bloc b1_0 on b1_0.id_bloc=c1_0.bloc_id_bloc left join foyer f1_0 on f1_0.id_foyer=b1_0.foyer_id_foyer where c1_0.id_chambre=?
Hibernate: update chambre set bloc_id_bloc=?,numero_chambre=?,type_chambre=? where id_chambre=?
Hibernate: delete from chambre_reservations where chambre_id_chambre=?
Hibernate: select c1_0.id_chambre,b1_0.id_bloc,b1_0.capacite_bloc,f1_0.id_foyer,f1_0.capacite_foyer,f1_0.nom_foyer,b1_0.nom_bloc,c1_0.numero_chambre,c1_0.type_chambre from chambre c1_0 left join bloc b1_0 on b1_0.id_bloc=c1_0.bloc_id_bloc left join foyer f1_0 on f1_0.id_foyer=b1_0.foyer_id_foyer where c1_0.id_chambre=?
Hibernate: delete from chambre_reservations where chambre_id_chambre=?
Hibernate: delete from chambre where id_chambre=?
]]></system-out>
  </testcase>
  <testcase name="testRemoveChambre" classname="tn.esprit.tpfoyer17.ChambreServiceTest" time="0.432">
    <system-out><![CDATA[Hibernate: insert into chambre (bloc_id_bloc,numero_chambre,type_chambre) values (?,?,?)
Hibernate: select c1_0.id_chambre,b1_0.id_bloc,b1_0.capacite_bloc,f1_0.id_foyer,f1_0.capacite_foyer,f1_0.nom_foyer,b1_0.nom_bloc,c1_0.numero_chambre,c1_0.type_chambre from chambre c1_0 left join bloc b1_0 on b1_0.id_bloc=c1_0.bloc_id_bloc left join foyer f1_0 on f1_0.id_foyer=b1_0.foyer_id_foyer where c1_0.id_chambre=?
Hibernate: delete from chambre_reservations where chambre_id_chambre=?
Hibernate: delete from chambre where id_chambre=?
Hibernate: select count(*) from chambre c1_0 where c1_0.id_chambre=?
]]></system-out>
  </testcase>
  <testcase name="testUpdateChambreType" classname="tn.esprit.tpfoyer17.ChambreServiceTest" time="0.202">
    <system-out><![CDATA[Hibernate: insert into chambre (bloc_id_bloc,numero_chambre,type_chambre) values (?,?,?)
Hibernate: select c1_0.id_chambre,b1_0.id_bloc,b1_0.capacite_bloc,f1_0.id_foyer,f1_0.capacite_foyer,f1_0.nom_foyer,b1_0.nom_bloc,c1_0.numero_chambre,c1_0.type_chambre from chambre c1_0 left join bloc b1_0 on b1_0.id_bloc=c1_0.bloc_id_bloc left join foyer f1_0 on f1_0.id_foyer=b1_0.foyer_id_foyer where c1_0.id_chambre=?
Hibernate: update chambre set bloc_id_bloc=?,numero_chambre=?,type_chambre=? where id_chambre=?
Hibernate: delete from chambre_reservations where chambre_id_chambre=?
Hibernate: select c1_0.id_chambre,b1_0.id_bloc,b1_0.capacite_bloc,f1_0.id_foyer,f1_0.capacite_foyer,f1_0.nom_foyer,b1_0.nom_bloc,c1_0.numero_chambre,c1_0.type_chambre from chambre c1_0 left join bloc b1_0 on b1_0.id_bloc=c1_0.bloc_id_bloc left join foyer f1_0 on f1_0.id_foyer=b1_0.foyer_id_foyer where c1_0.id_chambre=?
Hibernate: delete from chambre_reservations where chambre_id_chambre=?
Hibernate: delete from chambre where id_chambre=?
]]></system-out>
  </testcase>
  <testcase name="testRetrieveChambreById" classname="tn.esprit.tpfoyer17.ChambreServiceTest" time="0.017">
    <system-out><![CDATA[Hibernate: insert into chambre (bloc_id_bloc,numero_chambre,type_chambre) values (?,?,?)
Hibernate: select c1_0.id_chambre,b1_0.id_bloc,b1_0.capacite_bloc,f1_0.id_foyer,f1_0.capacite_foyer,f1_0.nom_foyer,b1_0.nom_bloc,c1_0.numero_chambre,c1_0.type_chambre from chambre c1_0 left join bloc b1_0 on b1_0.id_bloc=c1_0.bloc_id_bloc left join foyer f1_0 on f1_0.id_foyer=b1_0.foyer_id_foyer where c1_0.id_chambre=?
Hibernate: select c1_0.id_chambre,b1_0.id_bloc,b1_0.capacite_bloc,f1_0.id_foyer,f1_0.capacite_foyer,f1_0.nom_foyer,b1_0.nom_bloc,c1_0.numero_chambre,c1_0.type_chambre from chambre c1_0 left join bloc b1_0 on b1_0.id_bloc=c1_0.bloc_id_bloc left join foyer f1_0 on f1_0.id_foyer=b1_0.foyer_id_foyer where c1_0.id_chambre=?
Hibernate: delete from chambre_reservations where chambre_id_chambre=?
Hibernate: delete from chambre where id_chambre=?
]]></system-out>
  </testcase>
  <testcase name="testRetrieveChambresCount" classname="tn.esprit.tpfoyer17.ChambreServiceTest" time="0.027">
    <system-out><![CDATA[Hibernate: insert into chambre (bloc_id_bloc,numero_chambre,type_chambre) values (?,?,?)
Hibernate: insert into chambre (bloc_id_bloc,numero_chambre,type_chambre) values (?,?,?)
Hibernate: select c1_0.id_chambre,c1_0.bloc_id_bloc,c1_0.numero_chambre,c1_0.type_chambre from chambre c1_0
Hibernate: select c1_0.id_chambre,b1_0.id_bloc,b1_0.capacite_bloc,f1_0.id_foyer,f1_0.capacite_foyer,f1_0.nom_foyer,b1_0.nom_bloc,c1_0.numero_chambre,c1_0.type_chambre from chambre c1_0 left join bloc b1_0 on b1_0.id_bloc=c1_0.bloc_id_bloc left join foyer f1_0 on f1_0.id_foyer=b1_0.foyer_id_foyer where c1_0.id_chambre=?
Hibernate: select c1_0.id_chambre,b1_0.id_bloc,b1_0.capacite_bloc,f1_0.id_foyer,f1_0.capacite_foyer,f1_0.nom_foyer,b1_0.nom_bloc,c1_0.numero_chambre,c1_0.type_chambre from chambre c1_0 left join bloc b1_0 on b1_0.id_bloc=c1_0.bloc_id_bloc left join foyer f1_0 on f1_0.id_foyer=b1_0.foyer_id_foyer where c1_0.id_chambre=?
Hibernate: delete from chambre_reservations where chambre_id_chambre=?
Hibernate: delete from chambre_reservations where chambre_id_chambre=?
Hibernate: delete from chambre where id_chambre=?
Hibernate: delete from chambre where id_chambre=?
]]></system-out>
  </testcase>
</testsuite>