<?xml version="1.0" encoding="UTF-8"?>
<testsuite xmlns:xsi="http://www.w3.org/2001/XMLSchema-instance" xsi:noNamespaceSchemaLocation="https://maven.apache.org/surefire/maven-surefire-plugin/xsd/surefire-test-report-3.0.xsd" version="3.0" name="tn.esprit.tpfoyer17.UniversiteServiceTest" time="16.777" tests="4" errors="0" skipped="0" failures="0">
  <properties>
[...]
</properties>
  <testcase name="testRetrieveAllUniversities" classname="tn.esprit.tpfoyer17.UniversiteServiceTest" time="1.792">
    <system-out><![CDATA[17:12:07.177 [main] INFO org.springframework.test.context.support.AnnotationConfigContextLoaderUtils -- Could not detect default configuration classes for test class [tn.esprit.tpfoyer17.UniversiteServiceTest]: UniversiteServiceTest does not declare any static, non-private, non-final, nested classes annotated with @Configuration.
17:12:07.486 [main] INFO org.springframework.boot.test.context.SpringBootTestContextBootstrapper -- Found @SpringBootConfiguration tn.esprit.tpfoyer17.TpFoyer17Application for test class tn.esprit.tpfoyer17.UniversiteServiceTest

  .   ____          _            __ _ _
 /\\ / ___'_ __ _ _(_)_ __  __ _ \ \ \ \
( ( )\___ | '_ | '_| | '_ \/ _` | \ \ \ \
 \\/  ___)| |_)| | | | | || (_| |  ) ) ) )
  '  |____| .__|_| |_|_| |_\__, | / / / /
 =========|_|==============|___/=/_/_/_/
 :: Spring Boot ::                (v3.1.3)

2024-11-09T17:12:08.596+01:00  INFO 13188 --- [           main] t.e.tpfoyer17.UniversiteServiceTest      : Starting UniversiteServiceTest using Java 17.0.8 with PID 13188 (started by Mon Pc in C:\Users\Mon Pc\Downloads\devops2024-main\devops2024-main)
2024-11-09T17:12:08.598+01:00  INFO 13188 --- [           main] t.e.tpfoyer17.UniversiteServiceTest      : No active profile set, falling back to 1 default profile: "default"
2024-11-09T17:12:10.615+01:00  INFO 13188 --- [           main] .s.d.r.c.RepositoryConfigurationDelegate : Bootstrapping Spring Data JPA repositories in DEFAULT mode.
2024-11-09T17:12:10.837+01:00  INFO 13188 --- [           main] .s.d.r.c.RepositoryConfigurationDelegate : Finished Spring Data repository scanning in 199 ms. Found 6 JPA repository interfaces.
2024-11-09T17:12:11.789+01:00  INFO 13188 --- [           main] o.hibernate.jpa.internal.util.LogHelper  : HHH000204: Processing PersistenceUnitInfo [name: default]
2024-11-09T17:12:11.945+01:00  INFO 13188 --- [           main] org.hibernate.Version                    : HHH000412: Hibernate ORM core version 6.2.7.Final
2024-11-09T17:12:11.951+01:00  INFO 13188 --- [           main] org.hibernate.cfg.Environment            : HHH000406: Using bytecode reflection optimizer
2024-11-09T17:12:12.509+01:00  INFO 13188 --- [           main] o.h.b.i.BytecodeProviderInitiator        : HHH000021: Bytecode provider name : bytebuddy
2024-11-09T17:12:12.853+01:00  INFO 13188 --- [           main] o.s.o.j.p.SpringPersistenceUnitInfo      : No LoadTimeWeaver setup: ignoring JPA class transformer
2024-11-09T17:12:12.897+01:00  INFO 13188 --- [           main] com.zaxxer.hikari.HikariDataSource       : HikariPool-1 - Starting...
2024-11-09T17:12:13.321+01:00  INFO 13188 --- [           main] com.zaxxer.hikari.pool.HikariPool        : HikariPool-1 - Added connection com.mysql.cj.jdbc.ConnectionImpl@a3b858f
2024-11-09T17:12:13.326+01:00  INFO 13188 --- [           main] com.zaxxer.hikari.HikariDataSource       : HikariPool-1 - Start completed.
2024-11-09T17:12:13.458+01:00  WARN 13188 --- [           main] org.hibernate.dialect.Dialect            : HHH000511: The 5.5.0 version for [org.hibernate.dialect.MySQLDialect] is no longer supported, hence certain features may not work properly. The minimum supported version is 5.7.0. Check the community dialects project for available legacy versions.
2024-11-09T17:12:14.162+01:00  INFO 13188 --- [           main] o.h.b.i.BytecodeProviderInitiator        : HHH000021: Bytecode provider name : bytebuddy
2024-11-09T17:12:15.961+01:00  INFO 13188 --- [           main] o.h.e.t.j.p.i.JtaPlatformInitiator       : HHH000490: Using JtaPlatform implementation: [org.hibernate.engine.transaction.jta.platform.internal.NoJtaPlatform]
Hibernate: alter table chambre modify column type_chambre  enum ('DOUBLE','SIMPLE','TRIPLE')
Hibernate: alter table etudiant modify column date_naissance  datetime(6)
2024-11-09T17:12:16.396+01:00  INFO 13188 --- [           main] j.LocalContainerEntityManagerFactoryBean : Initialized JPA EntityManagerFactory for persistence unit 'default'
2024-11-09T17:12:17.236+01:00  INFO 13188 --- [           main] o.s.d.j.r.query.QueryEnhancerFactory     : Hibernate is in classpath; If applicable, HQL parser will be used.
2024-11-09T17:12:19.044+01:00  WARN 13188 --- [           main] JpaBaseConfiguration$JpaWebConfiguration : spring.jpa.open-in-view is enabled by default. Therefore, database queries may be performed during view rendering. Explicitly configure spring.jpa.open-in-view to disable this warning
2024-11-09T17:12:21.230+01:00  INFO 13188 --- [           main] t.e.tpfoyer17.UniversiteServiceTest      : Started UniversiteServiceTest in 13.278 seconds (process running for 16.152)
Hibernate: insert into universite (adresse,foyer_id_foyer,nom_universite) values (?,?,?)
Hibernate: select u1_0.id_universite,u1_0.adresse,u1_0.foyer_id_foyer,u1_0.nom_universite from universite u1_0
2024-11-09T17:12:23.000+01:00  INFO 13188 --- [           main] t.e.tpfoyer17.UniversiteServiceTest      : testRetrieveAllUniversities passed
Hibernate: select u1_0.id_universite,u1_0.adresse,f1_0.id_foyer,f1_0.capacite_foyer,f1_0.nom_foyer,u1_0.nom_universite from universite u1_0 left join foyer f1_0 on f1_0.id_foyer=u1_0.foyer_id_foyer where u1_0.id_universite=?
Hibernate: select u1_0.id_universite,u1_0.adresse,f1_0.id_foyer,f1_0.capacite_foyer,f1_0.nom_foyer,u1_0.nom_universite from universite u1_0 left join foyer f1_0 on f1_0.id_foyer=u1_0.foyer_id_foyer where u1_0.id_universite=?
Hibernate: delete from universite where id_universite=?
2024-11-09T17:12:23.059+01:00  INFO 13188 --- [           main] t.e.t.s.i.UniversiteService              : Université avec l'ID 13 supprimée avec succès.
]]></system-out>
  </testcase>
  <testcase name="testAddUniversity" classname="tn.esprit.tpfoyer17.UniversiteServiceTest" time="0.039">
    <system-out><![CDATA[Hibernate: insert into universite (adresse,foyer_id_foyer,nom_universite) values (?,?,?)
2024-11-09T17:12:23.105+01:00  INFO 13188 --- [           main] t.e.tpfoyer17.UniversiteServiceTest      : testAddUniversity passed
Hibernate: select u1_0.id_universite,u1_0.adresse,f1_0.id_foyer,f1_0.capacite_foyer,f1_0.nom_foyer,u1_0.nom_universite from universite u1_0 left join foyer f1_0 on f1_0.id_foyer=u1_0.foyer_id_foyer where u1_0.id_universite=?
Hibernate: select u1_0.id_universite,u1_0.adresse,f1_0.id_foyer,f1_0.capacite_foyer,f1_0.nom_foyer,u1_0.nom_universite from universite u1_0 left join foyer f1_0 on f1_0.id_foyer=u1_0.foyer_id_foyer where u1_0.id_universite=?
Hibernate: delete from universite where id_universite=?
2024-11-09T17:12:23.120+01:00  INFO 13188 --- [           main] t.e.t.s.i.UniversiteService              : Université avec l'ID 14 supprimée avec succès.
]]></system-out>
  </testcase>
  <testcase name="testUpdateUniversity" classname="tn.esprit.tpfoyer17.UniversiteServiceTest" time="0.059">
    <system-out><![CDATA[Hibernate: insert into universite (adresse,foyer_id_foyer,nom_universite) values (?,?,?)
Hibernate: select u1_0.id_universite,u1_0.adresse,f1_0.id_foyer,b1_0.foyer_id_foyer,b1_0.id_bloc,b1_0.capacite_bloc,b1_0.nom_bloc,f1_0.capacite_foyer,f1_0.nom_foyer,u1_0.nom_universite from universite u1_0 left join foyer f1_0 on f1_0.id_foyer=u1_0.foyer_id_foyer left join bloc b1_0 on f1_0.id_foyer=b1_0.foyer_id_foyer where u1_0.id_universite=?
Hibernate: update universite set adresse=?,foyer_id_foyer=?,nom_universite=? where id_universite=?
2024-11-09T17:12:23.171+01:00  INFO 13188 --- [           main] t.e.tpfoyer17.UniversiteServiceTest      : testUpdateUniversity passed
Hibernate: select u1_0.id_universite,u1_0.adresse,f1_0.id_foyer,f1_0.capacite_foyer,f1_0.nom_foyer,u1_0.nom_universite from universite u1_0 left join foyer f1_0 on f1_0.id_foyer=u1_0.foyer_id_foyer where u1_0.id_universite=?
Hibernate: select u1_0.id_universite,u1_0.adresse,f1_0.id_foyer,f1_0.capacite_foyer,f1_0.nom_foyer,u1_0.nom_universite from universite u1_0 left join foyer f1_0 on f1_0.id_foyer=u1_0.foyer_id_foyer where u1_0.id_universite=?
Hibernate: delete from universite where id_universite=?
2024-11-09T17:12:23.183+01:00  INFO 13188 --- [           main] t.e.t.s.i.UniversiteService              : Université avec l'ID 15 supprimée avec succès.
]]></system-out>
  </testcase>
  <testcase name="testRetrieveUniversity" classname="tn.esprit.tpfoyer17.UniversiteServiceTest" time="0.025">
    <system-out><![CDATA[Hibernate: insert into universite (adresse,foyer_id_foyer,nom_universite) values (?,?,?)
Hibernate: select u1_0.id_universite,u1_0.adresse,f1_0.id_foyer,f1_0.capacite_foyer,f1_0.nom_foyer,u1_0.nom_universite from universite u1_0 left join foyer f1_0 on f1_0.id_foyer=u1_0.foyer_id_foyer where u1_0.id_universite=?
2024-11-09T17:12:23.200+01:00  INFO 13188 --- [           main] t.e.tpfoyer17.UniversiteServiceTest      : testRetrieveUniversity passed
Hibernate: select u1_0.id_universite,u1_0.adresse,f1_0.id_foyer,f1_0.capacite_foyer,f1_0.nom_foyer,u1_0.nom_universite from universite u1_0 left join foyer f1_0 on f1_0.id_foyer=u1_0.foyer_id_foyer where u1_0.id_universite=?
Hibernate: select u1_0.id_universite,u1_0.adresse,f1_0.id_foyer,f1_0.capacite_foyer,f1_0.nom_foyer,u1_0.nom_universite from universite u1_0 left join foyer f1_0 on f1_0.id_foyer=u1_0.foyer_id_foyer where u1_0.id_universite=?
Hibernate: delete from universite where id_universite=?
2024-11-09T17:12:23.211+01:00  INFO 13188 --- [           main] t.e.t.s.i.UniversiteService              : Université avec l'ID 16 supprimée avec succès.
]]></system-out>
  </testcase>
</testsuite>